<?xml version="1.0" encoding="UTF-8"?>
<testsuite name="SnakeTests" tests="22" skipped="0" failures="0" errors="0" timestamp="2022-08-24T01:21:43" hostname="dan-ThinkPad-L440" time="3.381">
  <properties/>
  <testcase name="startGame()" classname="SnakeTests" time="0.25"/>
  <testcase name="checkHeadAgainstLeftBorder()" classname="SnakeTests" time="0.004"/>
  <testcase name="snakeMoves()" classname="SnakeTests" time="0.004"/>
  <testcase name="collisionsLoopTest()" classname="SnakeTests" time="0.003"/>
  <testcase name="snakesDirectionDown()" classname="SnakeTests" time="0.001"/>
  <testcase name="snakesDirectionLeft()" classname="SnakeTests" time="0.002"/>
  <testcase name="checkHeadAgainstBottomBorder()" classname="SnakeTests" time="0.007"/>
  <testcase name="doesApplesEatenTallyIncrease()" classname="SnakeTests" time="0.001"/>
  <testcase name="snakesDirectionRight()" classname="SnakeTests" time="0.001"/>
  <testcase name="collisionsTest()" classname="SnakeTests" time="0.001"/>
  <testcase name="checkHeadAgainstRightBorder()" classname="SnakeTests" time="0.005"/>
  <testcase name="mainTest()" classname="SnakeTests" time="0.009"/>
  <testcase name="draw()" classname="SnakeTests" time="0.003"/>
  <testcase name="snakesDirectionUp()" classname="SnakeTests" time="0.003"/>
  <testcase name="gamePanel()" classname="SnakeTests" time="0.002"/>
  <testcase name="gameframe()" classname="SnakeTests" time="0.141"/>
  <testcase name="newApple()" classname="SnakeTests" time="0.002"/>
  <testcase name="checkHeadAgainstTopBorder()" classname="SnakeTests" time="0.006"/>
  <testcase name="checkSnakeDoesNotEatApple()" classname="SnakeTests" time="0.014"/>
  <testcase name="startNewGame()" classname="SnakeTests" time="2.882"/>
  <testcase name="checkSnakeDoesNotGrow()" classname="SnakeTests" time="0.001"/>
  <testcase name="doesSnakeGrow()" classname="SnakeTests" time="0.003"/>
  <system-out><![CDATA[]]></system-out>
  <system-err><![CDATA[]]></system-err>
</testsuite>
